  [4;36;1mSQL (0.0ms)[0m   [0;1mSET NAMES 'utf8'[0m
  [4;35;1mSQL (0.0ms)[0m   [0mSET SQL_AUTO_IS_NULL=0[0m


Processing HomeController#index (for 127.0.0.1 at 2010-04-07 21:11:16) [GET]
Rendering home/index
Completed in 47ms (View: 47, DB: 0) | 200 OK [http://localhost/home/index]
  [4;36;1mSQL (0.0ms)[0m   [0;1mSET NAMES 'utf8'[0m
  [4;35;1mSQL (0.0ms)[0m   [0mSET SQL_AUTO_IS_NULL=0[0m
  [4;36;1mSQL (0.0ms)[0m   [0;1mSHOW TABLES[0m
  [4;35;1mSQL (0.0ms)[0m   [0mMysql::Error: query: not connected: SHOW TABLES[0m
  [4;36;1mSQL (0.0ms)[0m   [0;1mSET NAMES 'utf8'[0m
  [4;35;1mSQL (0.0ms)[0m   [0mSET SQL_AUTO_IS_NULL=0[0m
  [4;36;1mSQL (0.0ms)[0m   [0;1mSHOW TABLES[0m
  [4;35;1mSQL (0.0ms)[0m   [0mSHOW TABLES[0m
  [4;36;1mSQL (109.4ms)[0m   [0;1mCREATE TABLE `schema_migrations` (`version` varchar(255) NOT NULL) ENGINE=InnoDB[0m
  [4;35;1mSQL (296.9ms)[0m   [0mCREATE UNIQUE INDEX `unique_schema_migrations` ON `schema_migrations` (`version`)[0m
  [4;36;1mSQL (0.0ms)[0m   [0;1mSHOW TABLES[0m
  [4;35;1mSQL (15.6ms)[0m   [0mSELECT version FROM schema_migrations[0m
Migrating to CreatePosts (20100407131632)
  [4;36;1mSQL (140.6ms)[0m   [0;1mCREATE TABLE `posts` (`id` int(11) DEFAULT NULL auto_increment PRIMARY KEY, `name` varchar(255), `title` varchar(255), `content` text, `created_at` datetime, `updated_at` datetime) ENGINE=InnoDB[0m
  [4;35;1mSQL (31.2ms)[0m   [0mINSERT INTO schema_migrations (version) VALUES ('20100407131632')[0m
  [4;36;1mSQL (0.0ms)[0m   [0;1mSHOW TABLES[0m
  [4;35;1mSQL (0.0ms)[0m   [0mSELECT version FROM schema_migrations[0m
  [4;36;1mSQL (0.0ms)[0m   [0;1mSHOW TABLES[0m
  [4;35;1mSQL (15.6ms)[0m   [0mSHOW FIELDS FROM `posts`[0m
  [4;36;1mSQL (15.6ms)[0m   [0;1mdescribe `posts`[0m
  [4;35;1mSQL (0.0ms)[0m   [0mSHOW KEYS FROM `posts`[0m
  [4;36;1mSQL (0.0ms)[0m   [0;1mSET NAMES 'utf8'[0m
  [4;35;1mSQL (0.0ms)[0m   [0mSET SQL_AUTO_IS_NULL=0[0m


Processing HomeController#index (for 127.0.0.1 at 2010-04-07 23:31:43) [GET]
Rendering home/index
Completed in 156ms (View: 156, DB: 0) | 200 OK [http://localhost/home/index]
  [4;36;1mSQL (0.0ms)[0m   [0;1mSET NAMES 'utf8'[0m
  [4;35;1mSQL (0.0ms)[0m   [0mSET SQL_AUTO_IS_NULL=0[0m


Processing PostsController#index (for 127.0.0.1 at 2010-04-07 23:31:44) [GET]
  [4;36;1mPost Load (0.0ms)[0m   [0;1mSELECT * FROM `posts` [0m
Rendering template within layouts/posts
Rendering posts/index
Completed in 672ms (View: 656, DB: 0) | 200 OK [http://localhost/posts]
  [4;35;1mSQL (0.0ms)[0m   [0mSET NAMES 'utf8'[0m
  [4;36;1mSQL (0.0ms)[0m   [0;1mSET SQL_AUTO_IS_NULL=0[0m


Processing PostsController#new (for 127.0.0.1 at 2010-04-07 23:31:46) [GET]
  [4;35;1mPost Columns (0.0ms)[0m   [0mSHOW FIELDS FROM `posts`[0m
Rendering template within layouts/posts
Rendering posts/new
Completed in 78ms (View: 47, DB: 0) | 200 OK [http://localhost/posts/new]
  [4;36;1mSQL (0.0ms)[0m   [0;1mSET NAMES 'utf8'[0m
  [4;35;1mSQL (0.0ms)[0m   [0mSET SQL_AUTO_IS_NULL=0[0m


Processing PostsController#create (for 127.0.0.1 at 2010-04-07 23:32:02) [POST]
  Parameters: {"authenticity_token"=>"ewCymCmdT04kNKEbpqQZljGkjn7NnaVqJH7yucf4mTw=", "post"=>{"name"=>"Test", "title"=>"Test", "content"=>"tasdxcdfeacvdesdfa"}, "commit"=>"Create"}
  [4;36;1mPost Columns (15.6ms)[0m   [0;1mSHOW FIELDS FROM `posts`[0m
  [4;35;1mSQL (0.0ms)[0m   [0mMysql::Error: query: not connected: BEGIN[0m
  [4;36;1mPost Create (0.0ms)[0m   [0;1mMysql::Error: query: not connected: INSERT INTO `posts` (`name`, `title`, `content`, `created_at`, `updated_at`) VALUES('Test', 'Test', 'tasdxcdfeacvdesdfa', '2010-04-07 15:32:02', '2010-04-07 15:32:02')[0m
  [4;35;1mSQL (0.0ms)[0m   [0mMysql::Error: query: not connected: ROLLBACK[0m

ActiveRecord::StatementInvalid (Mysql::Error: query: not connected: INSERT INTO `posts` (`name`, `title`, `content`, `created_at`, `updated_at`) VALUES('Test', 'Test', 'tasdxcdfeacvdesdfa', '2010-04-07 15:32:02', '2010-04-07 15:32:02')):
  app/controllers/posts_controller.rb:46:in `block in create'
  app/controllers/posts_controller.rb:45:in `create'
  <internal:prelude>:8:in `synchronize'
  E:/Dev/Ruby19/lib/ruby/1.9.1/webrick/httpserver.rb:111:in `service'
  E:/Dev/Ruby19/lib/ruby/1.9.1/webrick/httpserver.rb:70:in `run'
  E:/Dev/Ruby19/lib/ruby/1.9.1/webrick/server.rb:183:in `block in start_thread'

Rendered rescues/_trace (359.4ms)
Rendered rescues/_request_and_response (31.2ms)
Rendering rescues/layout (internal_server_error)
  [4;36;1mSQL (0.0ms)[0m   [0;1mSET NAMES 'utf8'[0m
  [4;35;1mSQL (0.0ms)[0m   [0mSET SQL_AUTO_IS_NULL=0[0m


Processing PostsController#create (for 127.0.0.1 at 2010-04-07 23:43:35) [POST]
  Parameters: {"authenticity_token"=>"ewCymCmdT04kNKEbpqQZljGkjn7NnaVqJH7yucf4mTw=", "post"=>{"name"=>"Test", "title"=>"Test", "content"=>"tasdxcdfeacvdesdfa"}, "commit"=>"Create"}
  [4;36;1mPost Columns (0.0ms)[0m   [0;1mSHOW FIELDS FROM `posts`[0m
  [4;35;1mSQL (0.0ms)[0m   [0mBEGIN[0m
  [4;36;1mPost Create (0.0ms)[0m   [0;1mINSERT INTO `posts` (`name`, `title`, `content`, `created_at`, `updated_at`) VALUES('Test', 'Test', 'tasdxcdfeacvdesdfa', '2010-04-07 15:43:35', '2010-04-07 15:43:35')[0m
  [4;35;1mSQL (46.9ms)[0m   [0mCOMMIT[0m
Redirected to http://localhost:3000/posts/1
Completed in 172ms (DB: 47) | 302 Found [http://localhost/posts]
  [4;36;1mSQL (0.0ms)[0m   [0;1mSET NAMES 'utf8'[0m
  [4;35;1mSQL (15.6ms)[0m   [0mSET SQL_AUTO_IS_NULL=0[0m


Processing PostsController#show (for 127.0.0.1 at 2010-04-07 23:43:36) [GET]
  Parameters: {"id"=>"1"}
  [4;36;1mPost Columns (0.0ms)[0m   [0;1mSHOW FIELDS FROM `posts`[0m
  [4;35;1mPost Load (0.0ms)[0m   [0mSELECT * FROM `posts` WHERE (`posts`.`id` = 1) [0m
Rendering template within layouts/posts
Rendering posts/show
Completed in 62ms (View: 47, DB: 16) | 200 OK [http://localhost/posts/1]
  [4;36;1mSQL (0.0ms)[0m   [0;1mSET NAMES 'utf8'[0m
  [4;35;1mSQL (0.0ms)[0m   [0mSET SQL_AUTO_IS_NULL=0[0m


Processing PostsController#edit (for 127.0.0.1 at 2010-04-07 23:43:45) [GET]
  Parameters: {"id"=>"1"}
  [4;36;1mPost Columns (0.0ms)[0m   [0;1mSHOW FIELDS FROM `posts`[0m
  [4;35;1mPost Load (0.0ms)[0m   [0mSELECT * FROM `posts` WHERE (`posts`.`id` = 1) [0m
Rendering template within layouts/posts
Rendering posts/edit
Completed in 47ms (View: 31, DB: 0) | 200 OK [http://localhost/posts/1/edit]
  [4;36;1mSQL (0.0ms)[0m   [0;1mSET NAMES 'utf8'[0m
  [4;35;1mSQL (0.0ms)[0m   [0mSET SQL_AUTO_IS_NULL=0[0m


Processing PostsController#index (for 127.0.0.1 at 2010-04-07 23:43:48) [GET]
  [4;36;1mPost Load (15.6ms)[0m   [0;1mSELECT * FROM `posts` [0m
Rendering template within layouts/posts
Rendering posts/index
  [4;35;1mPost Columns (0.0ms)[0m   [0mSHOW FIELDS FROM `posts`[0m
Completed in 62ms (View: 31, DB: 16) | 200 OK [http://localhost/posts]
  [4;36;1mSQL (0.0ms)[0m   [0;1mSET NAMES 'utf8'[0m
  [4;35;1mSQL (0.0ms)[0m   [0mSET SQL_AUTO_IS_NULL=0[0m


Processing PostsController#new (for 127.0.0.1 at 2010-04-07 23:43:52) [GET]
  [4;36;1mPost Columns (15.6ms)[0m   [0;1mSHOW FIELDS FROM `posts`[0m
Rendering template within layouts/posts
Rendering posts/new
Completed in 94ms (View: 16, DB: 16) | 200 OK [http://localhost/posts/new]
  [4;35;1mSQL (0.0ms)[0m   [0mSET NAMES 'utf8'[0m
  [4;36;1mSQL (0.0ms)[0m   [0;1mSET SQL_AUTO_IS_NULL=0[0m


Processing PostsController#new (for 127.0.0.1 at 2010-04-07 23:48:21) [GET]
  [4;35;1mPost Columns (15.6ms)[0m   [0mSHOW FIELDS FROM `posts`[0m
Rendering template within layouts/posts
Rendering posts/new
Completed in 47ms (View: 16, DB: 16) | 200 OK [http://localhost/posts/new]
  [4;36;1mSQL (0.0ms)[0m   [0;1mSET NAMES 'utf8'[0m
  [4;35;1mSQL (0.0ms)[0m   [0mSET SQL_AUTO_IS_NULL=0[0m


Processing PostsController#create (for 127.0.0.1 at 2010-04-07 23:48:29) [POST]
  Parameters: {"authenticity_token"=>"ewCymCmdT04kNKEbpqQZljGkjn7NnaVqJH7yucf4mTw=", "post"=>{"name"=>"87", "title"=>"io", "content"=>"io"}, "commit"=>"Create"}
  [4;36;1mPost Columns (15.6ms)[0m   [0;1mSHOW FIELDS FROM `posts`[0m
  [4;35;1mSQL (0.0ms)[0m   [0mBEGIN[0m
  [4;36;1mPost Create (0.0ms)[0m   [0;1mINSERT INTO `posts` (`name`, `title`, `content`, `created_at`, `updated_at`) VALUES('87', 'io', 'io', '2010-04-07 15:48:29', '2010-04-07 15:48:29')[0m
  [4;35;1mSQL (31.2ms)[0m   [0mCOMMIT[0m
Redirected to http://localhost:3000/posts/2
Completed in 109ms (DB: 47) | 302 Found [http://localhost/posts]
  [4;36;1mSQL (0.0ms)[0m   [0;1mSET NAMES 'utf8'[0m
  [4;35;1mSQL (0.0ms)[0m   [0mSET SQL_AUTO_IS_NULL=0[0m


Processing PostsController#show (for 127.0.0.1 at 2010-04-07 23:48:29) [GET]
  Parameters: {"id"=>"2"}
  [4;36;1mPost Columns (0.0ms)[0m   [0;1mSHOW FIELDS FROM `posts`[0m
  [4;35;1mPost Load (0.0ms)[0m   [0mSELECT * FROM `posts` WHERE (`posts`.`id` = 2) [0m
Rendering template within layouts/posts
Rendering posts/show
Completed in 31ms (View: 16, DB: 0) | 200 OK [http://localhost/posts/2]
  [4;36;1mSQL (0.0ms)[0m   [0;1mSET NAMES 'utf8'[0m
  [4;35;1mSQL (0.0ms)[0m   [0mSET SQL_AUTO_IS_NULL=0[0m


Processing PostsController#index (for 127.0.0.1 at 2010-04-07 23:48:32) [GET]
  [4;36;1mPost Load (0.0ms)[0m   [0;1mSELECT * FROM `posts` [0m
Rendering template within layouts/posts
Rendering posts/index
  [4;35;1mPost Columns (0.0ms)[0m   [0mSHOW FIELDS FROM `posts`[0m
Completed in 47ms (View: 16, DB: 0) | 200 OK [http://localhost/posts]
  [4;36;1mSQL (0.0ms)[0m   [0;1mSET NAMES 'utf8'[0m
  [4;35;1mSQL (0.0ms)[0m   [0mSET SQL_AUTO_IS_NULL=0[0m


Processing PostsController#destroy (for 127.0.0.1 at 2010-04-07 23:48:39) [DELETE]
  Parameters: {"authenticity_token"=>"ewCymCmdT04kNKEbpqQZljGkjn7NnaVqJH7yucf4mTw=", "id"=>"2"}
  [4;36;1mPost Columns (0.0ms)[0m   [0;1mSHOW FIELDS FROM `posts`[0m
  [4;35;1mPost Load (0.0ms)[0m   [0mSELECT * FROM `posts` WHERE (`posts`.`id` = 2) [0m
  [4;36;1mSQL (0.0ms)[0m   [0;1mBEGIN[0m
  [4;35;1mPost Destroy (0.0ms)[0m   [0mDELETE FROM `posts` WHERE `id` = 2[0m
  [4;36;1mSQL (46.9ms)[0m   [0;1mCOMMIT[0m
Redirected to http://localhost:3000/posts
Completed in 62ms (DB: 47) | 302 Found [http://localhost/posts/2]
  [4;35;1mSQL (0.0ms)[0m   [0mSET NAMES 'utf8'[0m
  [4;36;1mSQL (0.0ms)[0m   [0;1mSET SQL_AUTO_IS_NULL=0[0m


Processing PostsController#index (for 127.0.0.1 at 2010-04-07 23:48:40) [GET]
  [4;35;1mPost Load (0.0ms)[0m   [0mSELECT * FROM `posts` [0m
Rendering template within layouts/posts
Rendering posts/index
  [4;36;1mPost Columns (15.6ms)[0m   [0;1mSHOW FIELDS FROM `posts`[0m
Completed in 16ms (View: 0, DB: 16) | 200 OK [http://localhost/posts]
/!\ FAILSAFE /!\  Tue Apr 13 11:14:22 +0800 2010
  Status: 500 Internal Server Error
  Can't connect to MySQL server on 'localhost' (10061)
    D:/dev/Ruby/lib/ruby/gems/1.8/gems/activerecord-2.3.5/lib/active_record/connection_adapters/mysql_adapter.rb:589:in `real_connect'
    D:/dev/Ruby/lib/ruby/gems/1.8/gems/activerecord-2.3.5/lib/active_record/connection_adapters/mysql_adapter.rb:589:in `connect'
    D:/dev/Ruby/lib/ruby/gems/1.8/gems/activerecord-2.3.5/lib/active_record/connection_adapters/mysql_adapter.rb:203:in `initialize'
    D:/dev/Ruby/lib/ruby/gems/1.8/gems/activerecord-2.3.5/lib/active_record/connection_adapters/mysql_adapter.rb:75:in `new'
    D:/dev/Ruby/lib/ruby/gems/1.8/gems/activerecord-2.3.5/lib/active_record/connection_adapters/mysql_adapter.rb:75:in `mysql_connection'
    D:/dev/Ruby/lib/ruby/gems/1.8/gems/activerecord-2.3.5/lib/active_record/connection_adapters/abstract/connection_pool.rb:223:in `send'
    D:/dev/Ruby/lib/ruby/gems/1.8/gems/activerecord-2.3.5/lib/active_record/connection_adapters/abstract/connection_pool.rb:223:in `new_connection'
    D:/dev/Ruby/lib/ruby/gems/1.8/gems/activerecord-2.3.5/lib/active_record/connection_adapters/abstract/connection_pool.rb:245:in `checkout_new_connection'
    D:/dev/Ruby/lib/ruby/gems/1.8/gems/activerecord-2.3.5/lib/active_record/connection_adapters/abstract/connection_pool.rb:188:in `checkout'
    D:/dev/Ruby/lib/ruby/gems/1.8/gems/activerecord-2.3.5/lib/active_record/connection_adapters/abstract/connection_pool.rb:184:in `loop'
    D:/dev/Ruby/lib/ruby/gems/1.8/gems/activerecord-2.3.5/lib/active_record/connection_adapters/abstract/connection_pool.rb:184:in `checkout'
    D:/dev/Ruby/lib/ruby/1.8/monitor.rb:242:in `synchronize'
    D:/dev/Ruby/lib/ruby/gems/1.8/gems/activerecord-2.3.5/lib/active_record/connection_adapters/abstract/connection_pool.rb:183:in `checkout'
    D:/dev/Ruby/lib/ruby/gems/1.8/gems/activerecord-2.3.5/lib/active_record/connection_adapters/abstract/connection_pool.rb:98:in `connection'
    D:/dev/Ruby/lib/ruby/gems/1.8/gems/activerecord-2.3.5/lib/active_record/connection_adapters/abstract/connection_pool.rb:326:in `retrieve_connection'
    D:/dev/Ruby/lib/ruby/gems/1.8/gems/activerecord-2.3.5/lib/active_record/connection_adapters/abstract/connection_specification.rb:123:in `retrieve_connection'
    D:/dev/Ruby/lib/ruby/gems/1.8/gems/activerecord-2.3.5/lib/active_record/connection_adapters/abstract/connection_specification.rb:115:in `connection'
    D:/dev/Ruby/lib/ruby/gems/1.8/gems/activerecord-2.3.5/lib/active_record/query_cache.rb:9:in `cache'
    D:/dev/Ruby/lib/ruby/gems/1.8/gems/activerecord-2.3.5/lib/active_record/query_cache.rb:28:in `call'
    D:/dev/Ruby/lib/ruby/gems/1.8/gems/activerecord-2.3.5/lib/active_record/connection_adapters/abstract/connection_pool.rb:361:in `call'
    D:/dev/Ruby/lib/ruby/gems/1.8/gems/actionpack-2.3.5/lib/action_controller/string_coercion.rb:25:in `call'
    D:/dev/Ruby/lib/ruby/gems/1.8/gems/rack-1.0.1/lib/rack/head.rb:9:in `call'
    D:/dev/Ruby/lib/ruby/gems/1.8/gems/rack-1.0.1/lib/rack/methodoverride.rb:24:in `call'
    D:/dev/Ruby/lib/ruby/gems/1.8/gems/actionpack-2.3.5/lib/action_controller/params_parser.rb:15:in `call'
    D:/dev/Ruby/lib/ruby/gems/1.8/gems/actionpack-2.3.5/lib/action_controller/session/cookie_store.rb:93:in `call'
    D:/dev/Ruby/lib/ruby/gems/1.8/gems/actionpack-2.3.5/lib/action_controller/failsafe.rb:26:in `call'
    D:/dev/Ruby/lib/ruby/gems/1.8/gems/rack-1.0.1/lib/rack/lock.rb:11:in `call'
    D:/dev/Ruby/lib/ruby/gems/1.8/gems/rack-1.0.1/lib/rack/lock.rb:11:in `synchronize'
    D:/dev/Ruby/lib/ruby/gems/1.8/gems/rack-1.0.1/lib/rack/lock.rb:11:in `call'
    D:/dev/Ruby/lib/ruby/gems/1.8/gems/actionpack-2.3.5/lib/action_controller/dispatcher.rb:114:in `call'
    D:/dev/Ruby/lib/ruby/gems/1.8/gems/actionpack-2.3.5/lib/action_controller/reloader.rb:34:in `run'
    D:/dev/Ruby/lib/ruby/gems/1.8/gems/actionpack-2.3.5/lib/action_controller/dispatcher.rb:108:in `call'
    D:/dev/Ruby/lib/ruby/gems/1.8/gems/rails-2.3.5/lib/rails/rack/static.rb:31:in `call'
    D:/dev/Ruby/lib/ruby/gems/1.8/gems/rack-1.0.1/lib/rack/urlmap.rb:46:in `call'
    D:/dev/Ruby/lib/ruby/gems/1.8/gems/rack-1.0.1/lib/rack/urlmap.rb:40:in `each'
    D:/dev/Ruby/lib/ruby/gems/1.8/gems/rack-1.0.1/lib/rack/urlmap.rb:40:in `call'
    D:/dev/Ruby/lib/ruby/gems/1.8/gems/rails-2.3.5/lib/rails/rack/log_tailer.rb:17:in `call'
    D:/dev/Ruby/lib/ruby/gems/1.8/gems/rack-1.0.1/lib/rack/content_length.rb:13:in `call'
    D:/dev/Ruby/lib/ruby/gems/1.8/gems/rack-1.0.1/lib/rack/handler/webrick.rb:50:in `service'
    D:/dev/Ruby/lib/ruby/1.8/webrick/httpserver.rb:104:in `service'
    D:/dev/Ruby/lib/ruby/1.8/webrick/httpserver.rb:65:in `run'
    D:/dev/Ruby/lib/ruby/1.8/webrick/server.rb:173:in `start_thread'
    D:/dev/Ruby/lib/ruby/1.8/webrick/server.rb:162:in `start'
    D:/dev/Ruby/lib/ruby/1.8/webrick/server.rb:162:in `start_thread'
    D:/dev/Ruby/lib/ruby/1.8/webrick/server.rb:95:in `start'
    D:/dev/Ruby/lib/ruby/1.8/webrick/server.rb:92:in `each'
    D:/dev/Ruby/lib/ruby/1.8/webrick/server.rb:92:in `start'
    D:/dev/Ruby/lib/ruby/1.8/webrick/server.rb:23:in `start'
    D:/dev/Ruby/lib/ruby/1.8/webrick/server.rb:82:in `start'
    D:/dev/Ruby/lib/ruby/gems/1.8/gems/rack-1.0.1/lib/rack/handler/webrick.rb:14:in `run'
    D:/dev/Ruby/lib/ruby/gems/1.8/gems/rails-2.3.5/lib/commands/server.rb:111
    D:/dev/Ruby/lib/ruby/site_ruby/1.8/rubygems/custom_require.rb:31:in `gem_original_require'
    D:/dev/Ruby/lib/ruby/site_ruby/1.8/rubygems/custom_require.rb:31:in `require'
    script/server:3
/!\ FAILSAFE /!\  Tue Apr 13 11:42:15 +0800 2010
  Status: 500 Internal Server Error
  Can't connect to MySQL server on 'localhost' (10061)
    D:/dev/Ruby/lib/ruby/gems/1.8/gems/activerecord-2.3.5/lib/active_record/connection_adapters/mysql_adapter.rb:589:in `real_connect'
    D:/dev/Ruby/lib/ruby/gems/1.8/gems/activerecord-2.3.5/lib/active_record/connection_adapters/mysql_adapter.rb:589:in `connect'
    D:/dev/Ruby/lib/ruby/gems/1.8/gems/activerecord-2.3.5/lib/active_record/connection_adapters/mysql_adapter.rb:203:in `initialize'
    D:/dev/Ruby/lib/ruby/gems/1.8/gems/activerecord-2.3.5/lib/active_record/connection_adapters/mysql_adapter.rb:75:in `new'
    D:/dev/Ruby/lib/ruby/gems/1.8/gems/activerecord-2.3.5/lib/active_record/connection_adapters/mysql_adapter.rb:75:in `mysql_connection'
    D:/dev/Ruby/lib/ruby/gems/1.8/gems/activerecord-2.3.5/lib/active_record/connection_adapters/abstract/connection_pool.rb:223:in `send'
    D:/dev/Ruby/lib/ruby/gems/1.8/gems/activerecord-2.3.5/lib/active_record/connection_adapters/abstract/connection_pool.rb:223:in `new_connection'
    D:/dev/Ruby/lib/ruby/gems/1.8/gems/activerecord-2.3.5/lib/active_record/connection_adapters/abstract/connection_pool.rb:245:in `checkout_new_connection'
    D:/dev/Ruby/lib/ruby/gems/1.8/gems/activerecord-2.3.5/lib/active_record/connection_adapters/abstract/connection_pool.rb:188:in `checkout'
    D:/dev/Ruby/lib/ruby/gems/1.8/gems/activerecord-2.3.5/lib/active_record/connection_adapters/abstract/connection_pool.rb:184:in `loop'
    D:/dev/Ruby/lib/ruby/gems/1.8/gems/activerecord-2.3.5/lib/active_record/connection_adapters/abstract/connection_pool.rb:184:in `checkout'
    D:/dev/Ruby/lib/ruby/1.8/monitor.rb:242:in `synchronize'
    D:/dev/Ruby/lib/ruby/gems/1.8/gems/activerecord-2.3.5/lib/active_record/connection_adapters/abstract/connection_pool.rb:183:in `checkout'
    D:/dev/Ruby/lib/ruby/gems/1.8/gems/activerecord-2.3.5/lib/active_record/connection_adapters/abstract/connection_pool.rb:98:in `connection'
    D:/dev/Ruby/lib/ruby/gems/1.8/gems/activerecord-2.3.5/lib/active_record/connection_adapters/abstract/connection_pool.rb:326:in `retrieve_connection'
    D:/dev/Ruby/lib/ruby/gems/1.8/gems/activerecord-2.3.5/lib/active_record/connection_adapters/abstract/connection_specification.rb:123:in `retrieve_connection'
    D:/dev/Ruby/lib/ruby/gems/1.8/gems/activerecord-2.3.5/lib/active_record/connection_adapters/abstract/connection_specification.rb:115:in `connection'
    D:/dev/Ruby/lib/ruby/gems/1.8/gems/activerecord-2.3.5/lib/active_record/query_cache.rb:9:in `cache'
    D:/dev/Ruby/lib/ruby/gems/1.8/gems/activerecord-2.3.5/lib/active_record/query_cache.rb:28:in `call'
    D:/dev/Ruby/lib/ruby/gems/1.8/gems/activerecord-2.3.5/lib/active_record/connection_adapters/abstract/connection_pool.rb:361:in `call'
    D:/dev/Ruby/lib/ruby/gems/1.8/gems/actionpack-2.3.5/lib/action_controller/string_coercion.rb:25:in `call'
    D:/dev/Ruby/lib/ruby/gems/1.8/gems/rack-1.0.1/lib/rack/head.rb:9:in `call'
    D:/dev/Ruby/lib/ruby/gems/1.8/gems/rack-1.0.1/lib/rack/methodoverride.rb:24:in `call'
    D:/dev/Ruby/lib/ruby/gems/1.8/gems/actionpack-2.3.5/lib/action_controller/params_parser.rb:15:in `call'
    D:/dev/Ruby/lib/ruby/gems/1.8/gems/actionpack-2.3.5/lib/action_controller/session/cookie_store.rb:93:in `call'
    D:/dev/Ruby/lib/ruby/gems/1.8/gems/actionpack-2.3.5/lib/action_controller/failsafe.rb:26:in `call'
    D:/dev/Ruby/lib/ruby/gems/1.8/gems/rack-1.0.1/lib/rack/lock.rb:11:in `call'
    D:/dev/Ruby/lib/ruby/gems/1.8/gems/rack-1.0.1/lib/rack/lock.rb:11:in `synchronize'
    D:/dev/Ruby/lib/ruby/gems/1.8/gems/rack-1.0.1/lib/rack/lock.rb:11:in `call'
    D:/dev/Ruby/lib/ruby/gems/1.8/gems/actionpack-2.3.5/lib/action_controller/dispatcher.rb:114:in `call'
    D:/dev/Ruby/lib/ruby/gems/1.8/gems/actionpack-2.3.5/lib/action_controller/reloader.rb:34:in `run'
    D:/dev/Ruby/lib/ruby/gems/1.8/gems/actionpack-2.3.5/lib/action_controller/dispatcher.rb:108:in `call'
    D:/dev/Ruby/lib/ruby/gems/1.8/gems/rails-2.3.5/lib/rails/rack/static.rb:31:in `call'
    D:/dev/Ruby/lib/ruby/gems/1.8/gems/rack-1.0.1/lib/rack/urlmap.rb:46:in `call'
    D:/dev/Ruby/lib/ruby/gems/1.8/gems/rack-1.0.1/lib/rack/urlmap.rb:40:in `each'
    D:/dev/Ruby/lib/ruby/gems/1.8/gems/rack-1.0.1/lib/rack/urlmap.rb:40:in `call'
    D:/dev/Ruby/lib/ruby/gems/1.8/gems/rails-2.3.5/lib/rails/rack/log_tailer.rb:17:in `call'
    D:/dev/Ruby/lib/ruby/gems/1.8/gems/rack-1.0.1/lib/rack/content_length.rb:13:in `call'
    D:/dev/Ruby/lib/ruby/gems/1.8/gems/rack-1.0.1/lib/rack/handler/webrick.rb:50:in `service'
    D:/dev/Ruby/lib/ruby/1.8/webrick/httpserver.rb:104:in `service'
    D:/dev/Ruby/lib/ruby/1.8/webrick/httpserver.rb:65:in `run'
    D:/dev/Ruby/lib/ruby/1.8/webrick/server.rb:173:in `start_thread'
    D:/dev/Ruby/lib/ruby/1.8/webrick/server.rb:162:in `start'
    D:/dev/Ruby/lib/ruby/1.8/webrick/server.rb:162:in `start_thread'
    D:/dev/Ruby/lib/ruby/1.8/webrick/server.rb:95:in `start'
    D:/dev/Ruby/lib/ruby/1.8/webrick/server.rb:92:in `each'
    D:/dev/Ruby/lib/ruby/1.8/webrick/server.rb:92:in `start'
    D:/dev/Ruby/lib/ruby/1.8/webrick/server.rb:23:in `start'
    D:/dev/Ruby/lib/ruby/1.8/webrick/server.rb:82:in `start'
    D:/dev/Ruby/lib/ruby/gems/1.8/gems/rack-1.0.1/lib/rack/handler/webrick.rb:14:in `run'
    D:/dev/Ruby/lib/ruby/gems/1.8/gems/rails-2.3.5/lib/commands/server.rb:111
    D:/dev/Ruby/lib/ruby/site_ruby/1.8/rubygems/custom_require.rb:31:in `gem_original_require'
    D:/dev/Ruby/lib/ruby/site_ruby/1.8/rubygems/custom_require.rb:31:in `require'
    script/server:3
/!\ FAILSAFE /!\  Tue Apr 13 14:07:30 +0800 2010
  Status: 500 Internal Server Error
  Can't connect to MySQL server on 'localhost' (10061)
    D:/dev/Ruby/lib/ruby/gems/1.8/gems/activerecord-2.3.5/lib/active_record/connection_adapters/mysql_adapter.rb:589:in `real_connect'
    D:/dev/Ruby/lib/ruby/gems/1.8/gems/activerecord-2.3.5/lib/active_record/connection_adapters/mysql_adapter.rb:589:in `connect'
    D:/dev/Ruby/lib/ruby/gems/1.8/gems/activerecord-2.3.5/lib/active_record/connection_adapters/mysql_adapter.rb:203:in `initialize'
    D:/dev/Ruby/lib/ruby/gems/1.8/gems/activerecord-2.3.5/lib/active_record/connection_adapters/mysql_adapter.rb:75:in `new'
    D:/dev/Ruby/lib/ruby/gems/1.8/gems/activerecord-2.3.5/lib/active_record/connection_adapters/mysql_adapter.rb:75:in `mysql_connection'
    D:/dev/Ruby/lib/ruby/gems/1.8/gems/activerecord-2.3.5/lib/active_record/connection_adapters/abstract/connection_pool.rb:223:in `send'
    D:/dev/Ruby/lib/ruby/gems/1.8/gems/activerecord-2.3.5/lib/active_record/connection_adapters/abstract/connection_pool.rb:223:in `new_connection'
    D:/dev/Ruby/lib/ruby/gems/1.8/gems/activerecord-2.3.5/lib/active_record/connection_adapters/abstract/connection_pool.rb:245:in `checkout_new_connection'
    D:/dev/Ruby/lib/ruby/gems/1.8/gems/activerecord-2.3.5/lib/active_record/connection_adapters/abstract/connection_pool.rb:188:in `checkout'
    D:/dev/Ruby/lib/ruby/gems/1.8/gems/activerecord-2.3.5/lib/active_record/connection_adapters/abstract/connection_pool.rb:184:in `loop'
    D:/dev/Ruby/lib/ruby/gems/1.8/gems/activerecord-2.3.5/lib/active_record/connection_adapters/abstract/connection_pool.rb:184:in `checkout'
    D:/dev/Ruby/lib/ruby/1.8/monitor.rb:242:in `synchronize'
    D:/dev/Ruby/lib/ruby/gems/1.8/gems/activerecord-2.3.5/lib/active_record/connection_adapters/abstract/connection_pool.rb:183:in `checkout'
    D:/dev/Ruby/lib/ruby/gems/1.8/gems/activerecord-2.3.5/lib/active_record/connection_adapters/abstract/connection_pool.rb:98:in `connection'
    D:/dev/Ruby/lib/ruby/gems/1.8/gems/activerecord-2.3.5/lib/active_record/connection_adapters/abstract/connection_pool.rb:326:in `retrieve_connection'
    D:/dev/Ruby/lib/ruby/gems/1.8/gems/activerecord-2.3.5/lib/active_record/connection_adapters/abstract/connection_specification.rb:123:in `retrieve_connection'
    D:/dev/Ruby/lib/ruby/gems/1.8/gems/activerecord-2.3.5/lib/active_record/connection_adapters/abstract/connection_specification.rb:115:in `connection'
    D:/dev/Ruby/lib/ruby/gems/1.8/gems/activerecord-2.3.5/lib/active_record/query_cache.rb:9:in `cache'
    D:/dev/Ruby/lib/ruby/gems/1.8/gems/activerecord-2.3.5/lib/active_record/query_cache.rb:28:in `call'
    D:/dev/Ruby/lib/ruby/gems/1.8/gems/activerecord-2.3.5/lib/active_record/connection_adapters/abstract/connection_pool.rb:361:in `call'
    D:/dev/Ruby/lib/ruby/gems/1.8/gems/actionpack-2.3.5/lib/action_controller/string_coercion.rb:25:in `call'
    D:/dev/Ruby/lib/ruby/gems/1.8/gems/rack-1.0.1/lib/rack/head.rb:9:in `call'
    D:/dev/Ruby/lib/ruby/gems/1.8/gems/rack-1.0.1/lib/rack/methodoverride.rb:24:in `call'
    D:/dev/Ruby/lib/ruby/gems/1.8/gems/actionpack-2.3.5/lib/action_controller/params_parser.rb:15:in `call'
    D:/dev/Ruby/lib/ruby/gems/1.8/gems/actionpack-2.3.5/lib/action_controller/session/cookie_store.rb:93:in `call'
    D:/dev/Ruby/lib/ruby/gems/1.8/gems/actionpack-2.3.5/lib/action_controller/failsafe.rb:26:in `call'
    D:/dev/Ruby/lib/ruby/gems/1.8/gems/rack-1.0.1/lib/rack/lock.rb:11:in `call'
    D:/dev/Ruby/lib/ruby/gems/1.8/gems/rack-1.0.1/lib/rack/lock.rb:11:in `synchronize'
    D:/dev/Ruby/lib/ruby/gems/1.8/gems/rack-1.0.1/lib/rack/lock.rb:11:in `call'
    D:/dev/Ruby/lib/ruby/gems/1.8/gems/actionpack-2.3.5/lib/action_controller/dispatcher.rb:114:in `call'
    D:/dev/Ruby/lib/ruby/gems/1.8/gems/actionpack-2.3.5/lib/action_controller/reloader.rb:34:in `run'
    D:/dev/Ruby/lib/ruby/gems/1.8/gems/actionpack-2.3.5/lib/action_controller/dispatcher.rb:108:in `call'
    D:/dev/Ruby/lib/ruby/gems/1.8/gems/rails-2.3.5/lib/rails/rack/static.rb:31:in `call'
    D:/dev/Ruby/lib/ruby/gems/1.8/gems/rack-1.0.1/lib/rack/urlmap.rb:46:in `call'
    D:/dev/Ruby/lib/ruby/gems/1.8/gems/rack-1.0.1/lib/rack/urlmap.rb:40:in `each'
    D:/dev/Ruby/lib/ruby/gems/1.8/gems/rack-1.0.1/lib/rack/urlmap.rb:40:in `call'
    D:/dev/Ruby/lib/ruby/gems/1.8/gems/rails-2.3.5/lib/rails/rack/log_tailer.rb:17:in `call'
    D:/dev/Ruby/lib/ruby/gems/1.8/gems/rack-1.0.1/lib/rack/content_length.rb:13:in `call'
    D:/dev/Ruby/lib/ruby/gems/1.8/gems/rack-1.0.1/lib/rack/handler/webrick.rb:50:in `service'
    D:/dev/Ruby/lib/ruby/1.8/webrick/httpserver.rb:104:in `service'
    D:/dev/Ruby/lib/ruby/1.8/webrick/httpserver.rb:65:in `run'
    D:/dev/Ruby/lib/ruby/1.8/webrick/server.rb:173:in `start_thread'
    D:/dev/Ruby/lib/ruby/1.8/webrick/server.rb:162:in `start'
    D:/dev/Ruby/lib/ruby/1.8/webrick/server.rb:162:in `start_thread'
    D:/dev/Ruby/lib/ruby/1.8/webrick/server.rb:95:in `start'
    D:/dev/Ruby/lib/ruby/1.8/webrick/server.rb:92:in `each'
    D:/dev/Ruby/lib/ruby/1.8/webrick/server.rb:92:in `start'
    D:/dev/Ruby/lib/ruby/1.8/webrick/server.rb:23:in `start'
    D:/dev/Ruby/lib/ruby/1.8/webrick/server.rb:82:in `start'
    D:/dev/Ruby/lib/ruby/gems/1.8/gems/rack-1.0.1/lib/rack/handler/webrick.rb:14:in `run'
    D:/dev/Ruby/lib/ruby/gems/1.8/gems/rails-2.3.5/lib/commands/server.rb:111
    D:/dev/Ruby/lib/ruby/site_ruby/1.8/rubygems/custom_require.rb:31:in `gem_original_require'
    D:/dev/Ruby/lib/ruby/site_ruby/1.8/rubygems/custom_require.rb:31:in `require'
    script/server:3
/!\ FAILSAFE /!\  Tue Apr 13 14:08:38 +0800 2010
  Status: 500 Internal Server Error
  Can't connect to MySQL server on 'localhost' (10061)
    D:/dev/Ruby/lib/ruby/gems/1.8/gems/activerecord-2.3.5/lib/active_record/connection_adapters/mysql_adapter.rb:589:in `real_connect'
    D:/dev/Ruby/lib/ruby/gems/1.8/gems/activerecord-2.3.5/lib/active_record/connection_adapters/mysql_adapter.rb:589:in `connect'
    D:/dev/Ruby/lib/ruby/gems/1.8/gems/activerecord-2.3.5/lib/active_record/connection_adapters/mysql_adapter.rb:203:in `initialize'
    D:/dev/Ruby/lib/ruby/gems/1.8/gems/activerecord-2.3.5/lib/active_record/connection_adapters/mysql_adapter.rb:75:in `new'
    D:/dev/Ruby/lib/ruby/gems/1.8/gems/activerecord-2.3.5/lib/active_record/connection_adapters/mysql_adapter.rb:75:in `mysql_connection'
    D:/dev/Ruby/lib/ruby/gems/1.8/gems/activerecord-2.3.5/lib/active_record/connection_adapters/abstract/connection_pool.rb:223:in `send'
    D:/dev/Ruby/lib/ruby/gems/1.8/gems/activerecord-2.3.5/lib/active_record/connection_adapters/abstract/connection_pool.rb:223:in `new_connection'
    D:/dev/Ruby/lib/ruby/gems/1.8/gems/activerecord-2.3.5/lib/active_record/connection_adapters/abstract/connection_pool.rb:245:in `checkout_new_connection'
    D:/dev/Ruby/lib/ruby/gems/1.8/gems/activerecord-2.3.5/lib/active_record/connection_adapters/abstract/connection_pool.rb:188:in `checkout'
    D:/dev/Ruby/lib/ruby/gems/1.8/gems/activerecord-2.3.5/lib/active_record/connection_adapters/abstract/connection_pool.rb:184:in `loop'
    D:/dev/Ruby/lib/ruby/gems/1.8/gems/activerecord-2.3.5/lib/active_record/connection_adapters/abstract/connection_pool.rb:184:in `checkout'
    D:/dev/Ruby/lib/ruby/1.8/monitor.rb:242:in `synchronize'
    D:/dev/Ruby/lib/ruby/gems/1.8/gems/activerecord-2.3.5/lib/active_record/connection_adapters/abstract/connection_pool.rb:183:in `checkout'
    D:/dev/Ruby/lib/ruby/gems/1.8/gems/activerecord-2.3.5/lib/active_record/connection_adapters/abstract/connection_pool.rb:98:in `connection'
    D:/dev/Ruby/lib/ruby/gems/1.8/gems/activerecord-2.3.5/lib/active_record/connection_adapters/abstract/connection_pool.rb:326:in `retrieve_connection'
    D:/dev/Ruby/lib/ruby/gems/1.8/gems/activerecord-2.3.5/lib/active_record/connection_adapters/abstract/connection_specification.rb:123:in `retrieve_connection'
    D:/dev/Ruby/lib/ruby/gems/1.8/gems/activerecord-2.3.5/lib/active_record/connection_adapters/abstract/connection_specification.rb:115:in `connection'
    D:/dev/Ruby/lib/ruby/gems/1.8/gems/activerecord-2.3.5/lib/active_record/query_cache.rb:9:in `cache'
    D:/dev/Ruby/lib/ruby/gems/1.8/gems/activerecord-2.3.5/lib/active_record/query_cache.rb:28:in `call'
    D:/dev/Ruby/lib/ruby/gems/1.8/gems/activerecord-2.3.5/lib/active_record/connection_adapters/abstract/connection_pool.rb:361:in `call'
    D:/dev/Ruby/lib/ruby/gems/1.8/gems/actionpack-2.3.5/lib/action_controller/string_coercion.rb:25:in `call'
    D:/dev/Ruby/lib/ruby/gems/1.8/gems/rack-1.0.1/lib/rack/head.rb:9:in `call'
    D:/dev/Ruby/lib/ruby/gems/1.8/gems/rack-1.0.1/lib/rack/methodoverride.rb:24:in `call'
    D:/dev/Ruby/lib/ruby/gems/1.8/gems/actionpack-2.3.5/lib/action_controller/params_parser.rb:15:in `call'
    D:/dev/Ruby/lib/ruby/gems/1.8/gems/actionpack-2.3.5/lib/action_controller/session/cookie_store.rb:93:in `call'
    D:/dev/Ruby/lib/ruby/gems/1.8/gems/actionpack-2.3.5/lib/action_controller/failsafe.rb:26:in `call'
    D:/dev/Ruby/lib/ruby/gems/1.8/gems/rack-1.0.1/lib/rack/lock.rb:11:in `call'
    D:/dev/Ruby/lib/ruby/gems/1.8/gems/rack-1.0.1/lib/rack/lock.rb:11:in `synchronize'
    D:/dev/Ruby/lib/ruby/gems/1.8/gems/rack-1.0.1/lib/rack/lock.rb:11:in `call'
    D:/dev/Ruby/lib/ruby/gems/1.8/gems/actionpack-2.3.5/lib/action_controller/dispatcher.rb:114:in `call'
    D:/dev/Ruby/lib/ruby/gems/1.8/gems/actionpack-2.3.5/lib/action_controller/reloader.rb:34:in `run'
    D:/dev/Ruby/lib/ruby/gems/1.8/gems/actionpack-2.3.5/lib/action_controller/dispatcher.rb:108:in `call'
    D:/dev/Ruby/lib/ruby/gems/1.8/gems/rails-2.3.5/lib/rails/rack/static.rb:31:in `call'
    D:/dev/Ruby/lib/ruby/gems/1.8/gems/rack-1.0.1/lib/rack/urlmap.rb:46:in `call'
    D:/dev/Ruby/lib/ruby/gems/1.8/gems/rack-1.0.1/lib/rack/urlmap.rb:40:in `each'
    D:/dev/Ruby/lib/ruby/gems/1.8/gems/rack-1.0.1/lib/rack/urlmap.rb:40:in `call'
    D:/dev/Ruby/lib/ruby/gems/1.8/gems/rails-2.3.5/lib/rails/rack/log_tailer.rb:17:in `call'
    D:/dev/Ruby/lib/ruby/gems/1.8/gems/rack-1.0.1/lib/rack/content_length.rb:13:in `call'
    D:/dev/Ruby/lib/ruby/gems/1.8/gems/rack-1.0.1/lib/rack/handler/webrick.rb:50:in `service'
    D:/dev/Ruby/lib/ruby/1.8/webrick/httpserver.rb:104:in `service'
    D:/dev/Ruby/lib/ruby/1.8/webrick/httpserver.rb:65:in `run'
    D:/dev/Ruby/lib/ruby/1.8/webrick/server.rb:173:in `start_thread'
    D:/dev/Ruby/lib/ruby/1.8/webrick/server.rb:162:in `start'
    D:/dev/Ruby/lib/ruby/1.8/webrick/server.rb:162:in `start_thread'
    D:/dev/Ruby/lib/ruby/1.8/webrick/server.rb:95:in `start'
    D:/dev/Ruby/lib/ruby/1.8/webrick/server.rb:92:in `each'
    D:/dev/Ruby/lib/ruby/1.8/webrick/server.rb:92:in `start'
    D:/dev/Ruby/lib/ruby/1.8/webrick/server.rb:23:in `start'
    D:/dev/Ruby/lib/ruby/1.8/webrick/server.rb:82:in `start'
    D:/dev/Ruby/lib/ruby/gems/1.8/gems/rack-1.0.1/lib/rack/handler/webrick.rb:14:in `run'
    D:/dev/Ruby/lib/ruby/gems/1.8/gems/rails-2.3.5/lib/commands/server.rb:111
    D:/dev/Ruby/lib/ruby/site_ruby/1.8/rubygems/custom_require.rb:31:in `gem_original_require'
    D:/dev/Ruby/lib/ruby/site_ruby/1.8/rubygems/custom_require.rb:31:in `require'
    script/server:3
